Traceback (most recent call last):
  File "/home/davide/.local/lib/python3.8/site-packages/jupyter_cache/executors/utils.py", line 58, in single_nb_execution
    executenb(
  File "/home/davide/.local/lib/python3.8/site-packages/nbclient/client.py", line 1305, in execute
    return NotebookClient(nb=nb, resources=resources, km=km, **kwargs).execute()
  File "/home/davide/.local/lib/python3.8/site-packages/jupyter_core/utils/__init__.py", line 165, in wrapped
    return loop.run_until_complete(inner)
  File "/usr/lib/python3.8/asyncio/base_events.py", line 616, in run_until_complete
    return future.result()
  File "/home/davide/.local/lib/python3.8/site-packages/nbclient/client.py", line 705, in async_execute
    await self.async_execute_cell(
  File "/home/davide/.local/lib/python3.8/site-packages/nbclient/client.py", line 1058, in async_execute_cell
    await self._check_raise_for_error(cell, cell_index, exec_reply)
  File "/home/davide/.local/lib/python3.8/site-packages/nbclient/client.py", line 914, in _check_raise_for_error
    raise CellExecutionError.from_cell_and_msg(cell, exec_reply_content)
nbclient.exceptions.CellExecutionError: An error occurred while executing the following cell:
------------------
Unsteady Euler equations for quasi-1 dimensional flows read

$$
  \partial_t \begin{bmatrix} \rho A \\ \rho u A \\ \rho e^t A \end{bmatrix} +
  \partial_z \begin{bmatrix} \rho u A \\ \frac{( \rho u A )^2}{\rho A} + p A \\ \frac{ (\rho e^t A + p A) (\rho u A) }{ \rho A }  \end{bmatrix}
  = \begin{bmatrix} 0 \\ p \partial_z A \\ 0 \end{bmatrix}
$$


**Method 1.** The same conservative variables as the 1-dimensional flow solver are used $(\rho, m, E^t)$, and non-uniform
- appears as a source in momentum equation
- appears in discretization for cells $A_i$ and as a factor multiplying fluxes $A_{i+1/2} F_{i+1/2}$

   $$\mathbf{u}_i^{n+1} = \mathbf{u}_i^{n} - \frac{\Delta t}{\Delta A_i} \left( \mathbf{F}_{i+1/2} A_{i+1/2} - \mathbf{F}_{i-1/2} A_{i-1/2} \right) + \Delta t \, \mathbf{s}_i$$

**Method 2.** Another approach would be using $(\rho A, m A, E^t A)$  as conservative variables.

**todo**
------------------


[0;36m  Cell [0;32mIn[1], line 1[0;36m[0m
[0;31m    Unsteady Euler equations for quasi-1 dimensional flows read[0m
[0m             ^[0m
[0;31mSyntaxError[0m[0;31m:[0m invalid syntax


