Traceback (most recent call last):
  File "/home/davide/.local/lib/python3.8/site-packages/jupyter_cache/executors/utils.py", line 58, in single_nb_execution
    executenb(
  File "/home/davide/.local/lib/python3.8/site-packages/nbclient/client.py", line 1305, in execute
    return NotebookClient(nb=nb, resources=resources, km=km, **kwargs).execute()
  File "/home/davide/.local/lib/python3.8/site-packages/jupyter_core/utils/__init__.py", line 165, in wrapped
    return loop.run_until_complete(inner)
  File "/usr/lib/python3.8/asyncio/base_events.py", line 616, in run_until_complete
    return future.result()
  File "/home/davide/.local/lib/python3.8/site-packages/nbclient/client.py", line 705, in async_execute
    await self.async_execute_cell(
  File "/home/davide/.local/lib/python3.8/site-packages/nbclient/client.py", line 1058, in async_execute_cell
    await self._check_raise_for_error(cell, cell_index, exec_reply)
  File "/home/davide/.local/lib/python3.8/site-packages/nbclient/client.py", line 914, in _check_raise_for_error
    raise CellExecutionError.from_cell_and_msg(cell, exec_reply_content)
nbclient.exceptions.CellExecutionError: An error occurred while executing the following cell:
------------------
#> Assembling stiffenss matrix, mass matrix, and forcing term
#> Stiffness matrix
ki = np.concatenate([[ee[i,0], ee[i,0], ee[i,1], ee[i,1]] for i in np.arange(nel)])
kj = np.concatenate([[ee[i,0], ee[i,1], ee[i,0], ee[i,1]] for i in np.arange(nel)])
ke = np.concatenate([nu * np.array([1., -1., -1., 1.,])/e_vol[i] for i in np.arange(nel)])
K = sp.sparse.coo_array((ke, (ki, kj)),)

#> Mass matrix, here used for integration of the volume force
mi = np.concatenate([[ee[i,0], ee[i,0], ee[i,1], ee[i,1]] for i in np.arange(nel)])
mj = np.concatenate([[ee[i,0], ee[i,1], ee[i,0], ee[i,1]] for i in np.arange(nel)])
me = np.concatenate([np.array([2., 1., 1., 2.,])*e_vol[i]/6. for i in np.arange(nel)])
M = sp.sparse.coo_array((me, (mi, mj)),)

F = M @ fv   # Volume force


------------------


[0;31m---------------------------------------------------------------------------[0m
[0;31mNameError[0m                                 Traceback (most recent call last)
Cell [0;32mIn[2], line 14[0m
[1;32m     11[0m me [38;5;241m=[39m np[38;5;241m.[39mconcatenate([np[38;5;241m.[39marray([[38;5;241m2.[39m, [38;5;241m1.[39m, [38;5;241m1.[39m, [38;5;241m2.[39m,])[38;5;241m*[39me_vol[i][38;5;241m/[39m[38;5;241m6.[39m [38;5;28;01mfor[39;00m i [38;5;129;01min[39;00m np[38;5;241m.[39marange(nel)])
[1;32m     12[0m M [38;5;241m=[39m sp[38;5;241m.[39msparse[38;5;241m.[39mcoo_array((me, (mi, mj)),)
[0;32m---> 14[0m F [38;5;241m=[39m M [38;5;241m@[39m [43mfv[49m   [38;5;66;03m# Volume force[39;00m

[0;31mNameError[0m: name 'fv' is not defined

