\BOOKMARK [-1][-]{part.1}{I\040Linear\040Algebra}{}% 1
\BOOKMARK [0][-]{chapter.1}{Introduction\040to\040Linear\040Algebra}{part.1}% 2
\BOOKMARK [0][-]{chapter.2}{Matrices}{part.1}% 3
\BOOKMARK [1][-]{section.2.1}{Subspaces}{chapter.2}% 4
\BOOKMARK [2][-]{subsection.2.1.1}{Range,\040Image}{section.2.1}% 5
\BOOKMARK [2][-]{subsection.2.1.2}{Null,\040Kernel}{section.2.1}% 6
\BOOKMARK [1][-]{section.2.2}{Theorem}{chapter.2}% 7
\BOOKMARK [2][-]{subsection.2.2.1}{Orthogonality\040of\040R\(A\)\040and\040K\(A*\)}{section.2.2}% 8
\BOOKMARK [0][-]{chapter.3}{Matrix\040factorizations}{part.1}% 9
\BOOKMARK [1][-]{section.3.1}{Gershgorin\040circle\040theorem}{chapter.3}% 10
\BOOKMARK [1][-]{section.3.2}{Spectral\040radius}{chapter.3}% 11
\BOOKMARK [1][-]{section.3.3}{Schur\040decomposition}{chapter.3}% 12
\BOOKMARK [1][-]{section.3.4}{Singular\040Value\040Decomposition}{chapter.3}% 13
\BOOKMARK [2][-]{subsection.3.4.1}{Properties}{section.3.4}% 14
\BOOKMARK [2][-]{subsection.3.4.2}{Applications}{section.3.4}% 15
\BOOKMARK [3][-]{subsubsection*.4}{Solution\040of\040under-determined\040linear\040systems}{subsection.3.4.2}% 16
\BOOKMARK [3][-]{subsubsection*.5}{Norms\040and\040optimization}{subsection.3.4.2}% 17
\BOOKMARK [0][-]{chapter.4}{Linear\040Systems}{part.1}% 18
\BOOKMARK [0][-]{chapter.5}{Spectral\040decomposition}{part.1}% 19
\BOOKMARK [1][-]{section.5.1}{Spectral\040decomposition\040of\040symmetric\040matrices}{chapter.5}% 20
\BOOKMARK [1][-]{section.5.2}{Sensitivity\040of\040spectral\040decomposition}{chapter.5}% 21
\BOOKMARK [2][-]{subsection.5.2.1}{Generalized\040eigenvalue\040problem\040\(first\040order\)}{section.5.2}% 22
\BOOKMARK [3][-]{subsubsection*.9}{Right\040and\040left\040eigenvalue\040problem}{subsection.5.2.1}% 23
\BOOKMARK [3][-]{subsubsection*.10}{Sensitivity\040of\040eigenvalue}{subsection.5.2.1}% 24
\BOOKMARK [3][-]{subsubsection*.11}{Sensitivity\040of\040eigenvector}{subsection.5.2.1}% 25
\BOOKMARK [2][-]{subsection.5.2.2}{Generalized\040eigenvalue\040problem\040\(second\040order\)}{section.5.2}% 26
\BOOKMARK [3][-]{subsubsection*.12}{Right\040and\040left\040eigenvalue\040problem}{subsection.5.2.2}% 27
\BOOKMARK [0][-]{chapter.6}{Cayley-Hamilton\040theorem}{part.1}% 28
\BOOKMARK [-1][-]{part.2}{II\040Multivariable\040Calculus}{}% 29
\BOOKMARK [0][-]{chapter.7}{Introduction\040to\040multi-variable\040calculus}{part.2}% 30
\BOOKMARK [1][-]{section.7.1}{Function}{chapter.7}% 31
\BOOKMARK [1][-]{section.7.2}{Limit}{chapter.7}% 32
\BOOKMARK [1][-]{section.7.3}{Derivatives}{chapter.7}% 33
\BOOKMARK [1][-]{section.7.4}{Integrals}{chapter.7}% 34
\BOOKMARK [1][-]{section.7.5}{Theorems}{chapter.7}% 35
\BOOKMARK [2][-]{subsection.7.5.1}{Green’s lemma}{section.7.5}% 36
\BOOKMARK [-1][-]{part.3}{III\040Differential\040Geometry}{}% 37
\BOOKMARK [0][-]{chapter.8}{Introduction\040to\040Differential\040Geometry}{part.3}% 38
\BOOKMARK [1][-]{section.8.1}{Differential\040geometry\040in\040E3}{chapter.8}% 39
\BOOKMARK [2][-]{subsection.8.1.1}{Curves}{section.8.1}% 40
\BOOKMARK [2][-]{subsection.8.1.2}{Surfaces}{section.8.1}% 41
\BOOKMARK [-1][-]{part.4}{IV\040Vector\040and\040Tensor\040Algebra\040and\040Calculus}{}% 42
\BOOKMARK [0][-]{chapter.9}{Tensor\040Algebra}{part.4}% 43
\BOOKMARK [1][-]{section.9.1}{Vector\040space\040V}{chapter.9}% 44
\BOOKMARK [2][-]{subsection.9.1.1}{Operations\040\(I\)}{section.9.1}% 45
\BOOKMARK [3][-]{subsubsection*.13}{Sum}{subsection.9.1.1}% 46
\BOOKMARK [3][-]{subsubsection*.14}{Multiplication\040by\040a\040scalar}{subsection.9.1.1}% 47
\BOOKMARK [3][-]{subsubsection*.15}{Inner\040product}{subsection.9.1.1}% 48
\BOOKMARK [2][-]{subsection.9.1.2}{Basis\040of\040a\040vector\040space\040V}{section.9.1}% 49
\BOOKMARK [2][-]{subsection.9.1.3}{Change\040of\040basis}{section.9.1}% 50
\BOOKMARK [3][-]{subsubsection*.16}{Transformation\040of\040components}{subsection.9.1.3}% 51
\BOOKMARK [2][-]{subsection.9.1.4}{Operations}{section.9.1}% 52
\BOOKMARK [3][-]{subsubsection*.17}{Tensor\040product\040of\040vectors}{subsection.9.1.4}% 53
\BOOKMARK [1][-]{section.9.2}{Space\040of\040tensors}{chapter.9}% 54
\BOOKMARK [2][-]{subsection.9.2.1}{Operations\040\(I\)}{section.9.2}% 55
\BOOKMARK [3][-]{subsubsection*.19}{Sum}{subsection.9.2.1}% 56
\BOOKMARK [3][-]{subsubsection*.20}{Multiplication\040by\040a\040scalar}{subsection.9.2.1}% 57
\BOOKMARK [2][-]{subsection.9.2.2}{Basis}{section.9.2}% 58
\BOOKMARK [3][-]{subsubsection*.21}{Change\040of\040basis\040and\040rule\040of\040transformation\040of\040components\040-\040classical\040definition\040of\040a\040tensor}{subsection.9.2.2}% 59
\BOOKMARK [2][-]{subsection.9.2.3}{Operations\040\(II\)}{section.9.2}% 60
\BOOKMARK [3][-]{subsubsection*.22}{Tensor\040product}{subsection.9.2.3}% 61
\BOOKMARK [3][-]{subsubsection*.23}{Dot\040product}{subsection.9.2.3}% 62
\BOOKMARK [3][-]{subsubsection*.24}{Contraction}{subsection.9.2.3}% 63
\BOOKMARK [3][-]{subsubsection*.25}{Exterior\040product}{subsection.9.2.3}% 64
\BOOKMARK [2][-]{subsection.9.2.4}{Invariants}{section.9.2}% 65
\BOOKMARK [1][-]{section.9.3}{Exterior\040algebra}{chapter.9}% 66
\BOOKMARK [2][-]{subsection.9.3.1}{Exterior\040product}{section.9.3}% 67
\BOOKMARK [0][-]{chapter.10}{Tensor\040Calculus\040in\040Euclidean\040Spaces}{part.4}% 68
\BOOKMARK [1][-]{section.10.1}{Coordinates}{chapter.10}% 69
\BOOKMARK [2][-]{subsection.10.1.1}{Natural\040basis}{section.10.1}% 70
\BOOKMARK [1][-]{section.10.2}{Fields}{chapter.10}% 71
\BOOKMARK [1][-]{section.10.3}{Differential\040operators}{chapter.10}% 72
\BOOKMARK [2][-]{subsection.10.3.1}{Directional\040derivative}{section.10.3}% 73
\BOOKMARK [2][-]{subsection.10.3.2}{Gradient}{section.10.3}% 74
\BOOKMARK [2][-]{subsection.10.3.3}{Divergence}{section.10.3}% 75
\BOOKMARK [2][-]{subsection.10.3.4}{Laplacian}{section.10.3}% 76
\BOOKMARK [2][-]{subsection.10.3.5}{Curl}{section.10.3}% 77
\BOOKMARK [1][-]{section.10.4}{Integrals in Ed, d ≤3}{chapter.10}% 78
\BOOKMARK [2][-]{subsection.10.4.1}{Line\040integrals}{section.10.4}% 79
\BOOKMARK [3][-]{subsubsection*.26}{Density}{subsection.10.4.1}% 80
\BOOKMARK [3][-]{subsubsection*.27}{Work}{subsection.10.4.1}% 81
\BOOKMARK [2][-]{subsection.10.4.2}{Surface\040integrals}{section.10.4}% 82
\BOOKMARK [3][-]{subsubsection*.28}{Density}{subsection.10.4.2}% 83
\BOOKMARK [3][-]{subsubsection*.29}{Flux}{subsection.10.4.2}% 84
\BOOKMARK [2][-]{subsection.10.4.3}{Volume}{section.10.4}% 85
\BOOKMARK [3][-]{subsubsection*.30}{Density}{subsection.10.4.3}% 86
\BOOKMARK [2][-]{subsection.10.4.4}{Theorems}{section.10.4}% 87
\BOOKMARK [3][-]{subsubsection*.31}{Two\040useful\040lemmas}{subsection.10.4.4}% 88
\BOOKMARK [3][-]{subsubsection*.32}{Gradient\040theorem}{subsection.10.4.4}% 89
\BOOKMARK [3][-]{subsubsection*.33}{Divergence\040theorem}{subsection.10.4.4}% 90
\BOOKMARK [3][-]{subsubsection*.34}{Curl\040theorem}{subsection.10.4.4}% 91
\BOOKMARK [1][-]{section.10.5}{Tensor\040Calculus\040in\040Euclidean\040Spaces\040-\040Cartesian\040coordinates\040in\040E3}{chapter.10}% 92
\BOOKMARK [2][-]{subsection.10.5.1}{Natural\040basis,\040reciprocal\040basis,\040metric\040tensor,\040and\040Christoffel\040symbols}{section.10.5}% 93
\BOOKMARK [2][-]{subsection.10.5.2}{Differential\040operators}{section.10.5}% 94
\BOOKMARK [3][-]{subsubsection*.35}{Gradient}{subsection.10.5.2}% 95
\BOOKMARK [3][-]{subsubsection*.36}{Directional\040derivative}{subsection.10.5.2}% 96
\BOOKMARK [3][-]{subsubsection*.37}{Divergence}{subsection.10.5.2}% 97
\BOOKMARK [3][-]{subsubsection*.38}{Laplacian}{subsection.10.5.2}% 98
\BOOKMARK [1][-]{section.10.6}{Tensor\040Calculus\040in\040Euclidean\040Spaces\040-\040cylindrical\040coordinates\040in\040E3}{chapter.10}% 99
\BOOKMARK [2][-]{subsection.10.6.1}{Cylindrical\040coordiantes\040and\040cylindrical\040coordinates}{section.10.6}% 100
\BOOKMARK [2][-]{subsection.10.6.2}{Natural\040basis,\040reciprocal\040basis,\040metric\040tensor,\040and\040Christoffel\040symbols}{section.10.6}% 101
\BOOKMARK [2][-]{subsection.10.6.3}{Differential\040operators}{section.10.6}% 102
\BOOKMARK [3][-]{subsubsection*.39}{Gradient}{subsection.10.6.3}% 103
\BOOKMARK [3][-]{subsubsection*.40}{Directional\040derivative}{subsection.10.6.3}% 104
\BOOKMARK [3][-]{subsubsection*.41}{Divergence}{subsection.10.6.3}% 105
\BOOKMARK [3][-]{subsubsection*.42}{Laplacian}{subsection.10.6.3}% 106
\BOOKMARK [1][-]{section.10.7}{Tensor\040Calculus\040in\040Euclidean\040Spaces\040-\040Spehrical\040coordinates\040in\040E3}{chapter.10}% 107
\BOOKMARK [2][-]{subsection.10.7.1}{Natural\040basis,\040reciprocal\040basis,\040metric\040tensor,\040and\040Christoffel\040symbols}{section.10.7}% 108
\BOOKMARK [2][-]{subsection.10.7.2}{Differential\040operators}{section.10.7}% 109
\BOOKMARK [3][-]{subsubsection*.43}{Gradient}{subsection.10.7.2}% 110
\BOOKMARK [3][-]{subsubsection*.44}{Directional\040derivative}{subsection.10.7.2}% 111
\BOOKMARK [3][-]{subsubsection*.45}{Divergence}{subsection.10.7.2}% 112
\BOOKMARK [3][-]{subsubsection*.46}{Laplacian}{subsection.10.7.2}% 113
\BOOKMARK [0][-]{chapter.11}{Tensor\040Invariants}{part.4}% 114
\BOOKMARK [1][-]{section.11.1}{Rank-2\040tensors}{chapter.11}% 115
\BOOKMARK [0][-]{chapter.12}{Unitary\040and\040rotation\040tensors}{part.4}% 116
\BOOKMARK [1][-]{section.12.1}{Invariant\040operations\040under\040rotations\040and\040unitary\040transformations}{chapter.12}% 117
\BOOKMARK [0][-]{chapter.13}{Isotropic\040Tensors}{part.4}% 118
\BOOKMARK [1][-]{section.13.1}{Rank-2\040isotropic\040tensors}{chapter.13}% 119
\BOOKMARK [1][-]{section.13.2}{Rank-3\040isotropic\040tensors}{chapter.13}% 120
\BOOKMARK [1][-]{section.13.3}{Rank-4\040isotropic\040tensors}{chapter.13}% 121
\BOOKMARK [0][-]{chapter.14}{Time\040derivative\040of\040integrals\040over\040moving\040domains}{part.4}% 122
\BOOKMARK [1][-]{section.14.1}{Volume\040density}{chapter.14}% 123
\BOOKMARK [1][-]{section.14.2}{Flux\040across\040a\040surface}{chapter.14}% 124
\BOOKMARK [1][-]{section.14.3}{Work\040line\040integral\040along\040a\040line}{chapter.14}% 125
\BOOKMARK [0][-]{chapter.15}{Calculus\040identities}{part.4}% 126
\BOOKMARK [-1][-]{part.5}{V\040Functional\040Analysis}{}% 127
\BOOKMARK [0][-]{chapter.16}{Introduction\040to\040Functional\040Analysis}{part.5}% 128
\BOOKMARK [0][-]{chapter.17}{Dirac’s delta}{part.5}% 129
\BOOKMARK [1][-]{section.17.1}{Dirac’s delta in terms of regular functions}{chapter.17}% 130
\BOOKMARK [2][-]{subsection.17.1.1}{Piece-wise\040constant}{section.17.1}% 131
\BOOKMARK [2][-]{subsection.17.1.2}{Piecewise-linear}{section.17.1}% 132
\BOOKMARK [2][-]{subsection.17.1.3}{Gaussian\040approximation}{section.17.1}% 133
\BOOKMARK [2][-]{subsection.17.1.4}{Fourier\040anti-transform}{section.17.1}% 134
\BOOKMARK [2][-]{subsection.17.1.5}{sinc\(x\)\040approximation}{section.17.1}% 135
\BOOKMARK [2][-]{subsection.17.1.6}{Fourier\040series}{section.17.1}% 136
\BOOKMARK [-1][-]{part.6}{VI\040Complex\040Calculus}{}% 137
\BOOKMARK [0][-]{chapter.18}{Complex\040Algebra}{part.6}% 138
\BOOKMARK [1][-]{section.18.1}{Fundamental\040Theorem\040of\040Algebra}{chapter.18}% 139
\BOOKMARK [0][-]{chapter.19}{Complex\040Analysis}{part.6}% 140
\BOOKMARK [1][-]{section.19.1}{Complex functions, f: C →C}{chapter.19}% 141
\BOOKMARK [2][-]{subsection.19.1.1}{Limit}{section.19.1}% 142
\BOOKMARK [2][-]{subsection.19.1.2}{Derivative}{section.19.1}% 143
\BOOKMARK [2][-]{subsection.19.1.3}{Line\040Integrals}{section.19.1}% 144
\BOOKMARK [1][-]{section.19.2}{Holomorphic\040Functions\040-\040Analytic\040Functions}{chapter.19}% 145
\BOOKMARK [2][-]{subsection.19.2.1}{Cauchy-Riemann\040conditions}{section.19.2}% 146
\BOOKMARK [2][-]{subsection.19.2.2}{Cauchy\040Theorem}{section.19.2}% 147
\BOOKMARK [1][-]{section.19.3}{Useful\040integrals}{chapter.19}% 148
\BOOKMARK [2][-]{subsection.19.3.1}{Independence\040of\040line\040integral\040for\040holomorphic\040functions}{section.19.3}% 149
\BOOKMARK [2][-]{subsection.19.3.2}{Sum\040and\040difference\040of\040line\040integrals}{section.19.3}% 150
\BOOKMARK [2][-]{subsection.19.3.3}{Integral\040of\040zn}{section.19.3}% 151
\BOOKMARK [1][-]{section.19.4}{Meromorphic\040functions}{chapter.19}% 152
\BOOKMARK [2][-]{subsection.19.4.1}{Singularities}{section.19.4}% 153
\BOOKMARK [2][-]{subsection.19.4.2}{Laurent\040Series}{section.19.4}% 154
\BOOKMARK [2][-]{subsection.19.4.3}{Cauchy\040formula}{section.19.4}% 155
\BOOKMARK [2][-]{subsection.19.4.4}{Residues}{section.19.4}% 156
\BOOKMARK [2][-]{subsection.19.4.5}{Residue\040Theorem}{section.19.4}% 157
\BOOKMARK [2][-]{subsection.19.4.6}{Cauchy\040argument\040principle}{section.19.4}% 158
\BOOKMARK [2][-]{subsection.19.4.7}{Evaluation\040of\040integrals}{section.19.4}% 159
\BOOKMARK [2][-]{subsection.19.4.8}{Inverse\040Laplace\040Transform}{section.19.4}% 160
\BOOKMARK [0][-]{chapter.20}{Laplace\040Transform}{part.6}% 161
\BOOKMARK [1][-]{section.20.1}{Definition\040and\040Properties}{chapter.20}% 162
\BOOKMARK [2][-]{subsection.20.1.1}{Definition\040of\040Lapalce\040transform}{section.20.1}% 163
\BOOKMARK [2][-]{subsection.20.1.2}{Inverse\040transform}{section.20.1}% 164
\BOOKMARK [2][-]{subsection.20.1.3}{Properties}{section.20.1}% 165
\BOOKMARK [1][-]{section.20.2}{Applications\040of\040Laplace\040Transform}{chapter.20}% 166
\BOOKMARK [2][-]{subsection.20.2.1}{Ordinary\040differential\040equations}{section.20.2}% 167
\BOOKMARK [3][-]{subsubsection*.48}{First-order\040linear\040differential\040equation\040with\040constant\040coefficients}{subsection.20.2.1}% 168
\BOOKMARK [0][-]{chapter.21}{Fourier\040Transforms}{part.6}% 169
\BOOKMARK [1][-]{section.21.1}{Fourier\040Series}{chapter.21}% 170
\BOOKMARK [1][-]{section.21.2}{Fourier\040Transform}{chapter.21}% 171
\BOOKMARK [2][-]{subsection.21.2.1}{Definition}{section.21.2}% 172
\BOOKMARK [2][-]{subsection.21.2.2}{Properties}{section.21.2}% 173
\BOOKMARK [2][-]{subsection.21.2.3}{Inverse\040Fourier\040Transform}{section.21.2}% 174
\BOOKMARK [2][-]{subsection.21.2.4}{Plancherel’s theorem}{section.21.2}% 175
\BOOKMARK [2][-]{subsection.21.2.5}{Uncertainty\040relation}{section.21.2}% 176
\BOOKMARK [1][-]{section.21.3}{Relations\040between\040Fourier\040transforms}{chapter.21}% 177
\BOOKMARK [2][-]{subsection.21.3.1}{Fourier\040transform\040of\040integrable\040functions}{section.21.3}% 178
\BOOKMARK [2][-]{subsection.21.3.2}{Fourier\040transform\040of\040the\040sum\040of\040shifted\040integrable\040functions}{section.21.3}% 179
\BOOKMARK [2][-]{subsection.21.3.3}{Fourier\040transform\040of\040the\040a\040function\040sampled\040with\040a\040Dirac\040comb\040-\040DTFT}{section.21.3}% 180
\BOOKMARK [2][-]{subsection.21.3.4}{Fourier\040transform\040of\040the\040sum\040of\040shifted\040integral\040functions\040sampled\040with\040a\040Dirac\040comb}{section.21.3}% 181
\BOOKMARK [2][-]{subsection.21.3.5}{Useful\040properties}{section.21.3}% 182
\BOOKMARK [3][-]{subsubsection*.50}{Dirac’s comb IIIT\(t\)}{subsection.21.3.5}% 183
\BOOKMARK [3][-]{subsubsection*.51}{Symmetry\040of\040Fourier\040transform}{subsection.21.3.5}% 184
\BOOKMARK [-1][-]{part.7}{VII\040Calculus\040of\040Variations}{}% 185
\BOOKMARK [0][-]{chapter.22}{Introduction\040to\040Calculus\040of\040Variations}{part.7}% 186
\BOOKMARK [1][-]{section.22.1}{Lagrange\040equations}{chapter.22}% 187
\BOOKMARK [2][-]{subsection.22.1.1}{Euler-Beltrami\040equation}{section.22.1}% 188
\BOOKMARK [-1][-]{part.8}{VIII\040Ordinary\040Differential\040Equations}{}% 189
\BOOKMARK [0][-]{chapter.23}{Introduction\040to\040Ordinary\040Differential\040Equations}{part.8}% 190
\BOOKMARK [0][-]{chapter.24}{Linear\040systems}{part.8}% 191
\BOOKMARK [1][-]{section.24.1}{General\040solution}{chapter.24}% 192
\BOOKMARK [1][-]{section.24.2}{Stochastic\040response}{chapter.24}% 193
\BOOKMARK [2][-]{subsection.24.2.1}{Correlation\040matrix}{section.24.2}% 194
\BOOKMARK [3][-]{subsubsection*.52}{Lyapunov\040equation\040of\040the\040correlation\040matrix}{subsection.24.2.1}% 195
\BOOKMARK [-1][-]{part.9}{IX\040System\040Theory}{}% 196
\BOOKMARK [0][-]{chapter.25}{Introduction\040to\040System\040Theory}{part.9}% 197
\BOOKMARK [0][-]{chapter.26}{Linear\040Time-Invariant\040Systems}{part.9}% 198
\BOOKMARK [1][-]{section.26.1}{Impulsive\040force}{chapter.26}% 199
\BOOKMARK [1][-]{section.26.2}{Properties}{chapter.26}% 200
\BOOKMARK [0][-]{chapter.27}{Coordinate\040transformation}{part.9}% 201
\BOOKMARK [1][-]{section.27.1}{General\040transformation}{chapter.27}% 202
\BOOKMARK [2][-]{subsection.27.1.1}{Characteristic\040polynomial}{section.27.1}% 203
\BOOKMARK [2][-]{subsection.27.1.2}{Gramians}{section.27.1}% 204
\BOOKMARK [1][-]{section.27.2}{Example\040of\040transformations}{chapter.27}% 205
\BOOKMARK [2][-]{subsection.27.2.1}{Diagonalization}{section.27.2}% 206
\BOOKMARK [2][-]{subsection.27.2.2}{Kalman\040decomposition}{section.27.2}% 207
\BOOKMARK [3][-]{subsubsection*.53}{Transfer\040function}{subsection.27.2.2}% 208
\BOOKMARK [0][-]{chapter.28}{LTI\040system\040response}{part.9}% 209
\BOOKMARK [1][-]{section.28.1}{LTI}{chapter.28}% 210
\BOOKMARK [1][-]{section.28.2}{Response\040of\040LTI\040systems}{chapter.28}% 211
\BOOKMARK [1][-]{section.28.3}{Equilibria}{chapter.28}% 212
\BOOKMARK [1][-]{section.28.4}{Stability}{chapter.28}% 213
\BOOKMARK [1][-]{section.28.5}{Response\040to\040integrable\040input\040-\040and\040Laplace\040transform}{chapter.28}% 214
\BOOKMARK [1][-]{section.28.6}{Response\040to\040periodic\040input\040of\040stable\040systems\040-\040and\040Fourier\040transform}{chapter.28}% 215
\BOOKMARK [1][-]{section.28.7}{Response\040to\040stochastic\040input\040of\040stable\040systems}{chapter.28}% 216
\BOOKMARK [2][-]{subsection.28.7.1}{Assumptions}{section.28.7}% 217
\BOOKMARK [2][-]{subsection.28.7.2}{Expected\040value}{section.28.7}% 218
\BOOKMARK [1][-]{section.28.8}{Analysis\040of\040response\040of\040LTI\040in\040Fourier\040domain}{chapter.28}% 219
\BOOKMARK [2][-]{subsection.28.8.1}{Stationary\040Ergodic\040processes}{section.28.8}% 220
\BOOKMARK [0][-]{chapter.29}{LTI:\040stability\040and\040feedback}{part.9}% 221
\BOOKMARK [1][-]{section.29.1}{Stability\040of\040a\040LTI\040-\040SISO}{chapter.29}% 222
\BOOKMARK [2][-]{subsection.29.1.1}{Transfer\040function}{section.29.1}% 223
\BOOKMARK [2][-]{subsection.29.1.2}{Stability\040w.r.t.\040non-zero\040initial\040conditions\040-\040or\040w.r.t.\040implusive\040input\040-\040in\040time\040domain}{section.29.1}% 224
\BOOKMARK [0][-]{chapter.30}{Observability\040and\040Detectability}{part.9}% 225
\BOOKMARK [1][-]{section.30.1}{Time-continuous\040linear\040systems}{chapter.30}% 226
\BOOKMARK [2][-]{subsection.30.1.1}{Observability}{section.30.1}% 227
\BOOKMARK [2][-]{subsection.30.1.2}{Detectability}{section.30.1}% 228
\BOOKMARK [1][-]{section.30.2}{Time-discrete\040linear\040systems}{chapter.30}% 229
\BOOKMARK [0][-]{chapter.31}{Reachability\040and\040Controllability}{part.9}% 230
\BOOKMARK [1][-]{section.31.1}{Time-continuous\040linear\040systems}{chapter.31}% 231
\BOOKMARK [2][-]{subsection.31.1.1}{Reachability}{section.31.1}% 232
\BOOKMARK [2][-]{subsection.31.1.2}{Controllability}{section.31.1}% 233
\BOOKMARK [1][-]{section.31.2}{Time-discrete\040linear\040systems}{chapter.31}% 234
\BOOKMARK [0][-]{chapter.32}{Kalman\040decomposition}{part.9}% 235
\BOOKMARK [1][-]{section.32.1}{Controllability}{chapter.32}% 236
\BOOKMARK [1][-]{section.32.2}{Observability}{chapter.32}% 237
\BOOKMARK [1][-]{section.32.3}{Kalman\040decomposition}{chapter.32}% 238
\BOOKMARK [0][-]{chapter.33}{Lyapunov\040equation}{part.9}% 239
\BOOKMARK [0][-]{chapter.34}{Order\040reduction\040of\040dynamical\040systems}{part.9}% 240
\BOOKMARK [1][-]{section.34.1}{Balanced\040truncation}{chapter.34}% 241
\BOOKMARK [0][-]{chapter.35}{Shape\040filter}{part.9}% 242
\BOOKMARK [-1][-]{part.10}{X\040Control\040Theory}{}% 243
\BOOKMARK [0][-]{chapter.36}{Introduction\040to\040control\040methods}{part.10}% 244
\BOOKMARK [0][-]{chapter.37}{Closed-loop\040control:\040requirements\040and\040performance}{part.10}% 245
\BOOKMARK [1][-]{section.37.1}{Constraints}{chapter.37}% 246
\BOOKMARK [1][-]{section.37.2}{Goals}{chapter.37}% 247
\BOOKMARK [1][-]{section.37.3}{Stability\040\(SISO\)}{chapter.37}% 248
\BOOKMARK [1][-]{section.37.4}{Reference\040tracking\040\(SISO\)}{chapter.37}% 249
\BOOKMARK [0][-]{chapter.38}{Frequency\040domain\040control}{part.10}% 250
\BOOKMARK [1][-]{section.38.1}{Stability\040of\040closed-loop\040SISO\040systems}{chapter.38}% 251
\BOOKMARK [2][-]{subsection.38.1.1}{Cauchy\040argument\040principle}{section.38.1}% 252
\BOOKMARK [2][-]{subsection.38.1.2}{Nyquist\040stability\040criterion}{section.38.1}% 253
\BOOKMARK [2][-]{subsection.38.1.3}{Bode\040stability\040criterion\040for\040minimal\040phase\040systems}{section.38.1}% 254
\BOOKMARK [2][-]{subsection.38.1.4}{Phase\040margin}{section.38.1}% 255
\BOOKMARK [2][-]{subsection.38.1.5}{Gain\040margin}{section.38.1}% 256
\BOOKMARK [0][-]{chapter.39}{Optimal\040control}{part.10}% 257
\BOOKMARK [1][-]{section.39.1}{Full-state\040feedback}{chapter.39}% 258
\BOOKMARK [2][-]{subsection.39.1.1}{Generic\040ODE\040without\040exogenous\040inputs}{section.39.1}% 259
\BOOKMARK [2][-]{subsection.39.1.2}{Linear\040system}{section.39.1}% 260
\BOOKMARK [1][-]{section.39.2}{Full-state\040feedback\040\(OLD\)}{chapter.39}% 261
\BOOKMARK [2][-]{subsection.39.2.1}{Generic\040ODE\040without\040exogenous\040inputs}{section.39.2}% 262
\BOOKMARK [2][-]{subsection.39.2.2}{LTI}{section.39.2}% 263
\BOOKMARK [3][-]{subsubsection*.57}{Infinite-horizon\040full-state\040feedback}{subsection.39.2.2}% 264
\BOOKMARK [1][-]{section.39.3}{Phase\040and\040gain\040margin\040of\040optimal\040control}{chapter.39}% 265
\BOOKMARK [2][-]{subsection.39.3.1}{SISO}{section.39.3}% 266
\BOOKMARK [2][-]{subsection.39.3.2}{MIMO}{section.39.3}% 267
\BOOKMARK [1][-]{section.39.4}{Optimal\040observer\040for\040deterministic\040disturbances}{chapter.39}% 268
\BOOKMARK [1][-]{section.39.5}{Optimal\040observer\040for\040stochastic\040Gaussian\040disturbance}{chapter.39}% 269
\BOOKMARK [1][-]{section.39.6}{Sub-optimal\040control\040for\040output\040feedback}{chapter.39}% 270
\BOOKMARK [1][-]{section.39.7}{Combination\040of\040controller\040and\040observer}{chapter.39}% 271
\BOOKMARK [2][-]{subsection.39.7.1}{Separation\040principle}{section.39.7}% 272
\BOOKMARK [2][-]{subsection.39.7.2}{Spillover}{section.39.7}% 273
\BOOKMARK [3][-]{subsubsection*.58}{Design\040reduced\040system\040and\040full\040system}{subsection.39.7.2}% 274
\BOOKMARK [3][-]{subsubsection*.59}{Design\040reduced\040system,\040observer\040and\040full\040system}{subsection.39.7.2}% 275
\BOOKMARK [1][-]{section.39.8}{Optimal\040control\040for\040reference\040tracking}{chapter.39}% 276
\BOOKMARK [2][-]{subsection.39.8.1}{Augmented\040system\040for\040tracking\040step\040reference\040signal\040-\040integrator}{section.39.8}% 277
\BOOKMARK [2][-]{subsection.39.8.2}{Augmented\040system\040for\040tracking\040ramp\040reference\040signal\040-\040double\040integrator}{section.39.8}% 278
\BOOKMARK [2][-]{subsection.39.8.3}{Example\040of\040optimal\040control\040for\040tracking\040reference\040input}{section.39.8}% 279
\BOOKMARK [3][-]{subsubsection*.60}{Mass-damper-spring\040system}{subsection.39.8.3}% 280
\BOOKMARK [3][-]{subsubsection*.61}{Augmented\040system\040for\040reference\040signal}{subsection.39.8.3}% 281
\BOOKMARK [4][-]{paragraph*.62}{Single\040integral\040for\040step\040tracking}{subsubsection*.61}% 282
\BOOKMARK [5][-]{subparagraph*.63}{Optimal\040control\040design}{paragraph*.62}% 283
\BOOKMARK [5][-]{subparagraph*.64}{Response}{paragraph*.62}% 284
\BOOKMARK [4][-]{paragraph*.65}{Double\040integral\040for\040ramp\040tracking}{subsubsection*.61}% 285
\BOOKMARK [5][-]{subparagraph*.66}{Optimal\040control\040design}{paragraph*.65}% 286
\BOOKMARK [5][-]{subparagraph*.67}{Response}{paragraph*.65}% 287
\BOOKMARK [1][-]{section.39.9}{Kalman\040filter}{chapter.39}% 288
\BOOKMARK [2][-]{subsection.39.9.1}{Error\040dynamics}{section.39.9}% 289
\BOOKMARK [2][-]{subsection.39.9.2}{Optimality\040conditions}{section.39.9}% 290
\BOOKMARK [1][-]{section.39.10}{Hamilton\040Bellman\040Jacobi\040equation}{chapter.39}% 291
\BOOKMARK [0][-]{chapter.40}{Pole\040placement}{part.10}% 292
\BOOKMARK [1][-]{section.40.1}{SISO}{chapter.40}% 293
\BOOKMARK [1][-]{section.40.2}{MIMO}{chapter.40}% 294
\BOOKMARK [-1][-]{part.11}{XI\040Partial\040Differential\040Equations}{}% 295
\BOOKMARK [0][-]{chapter.41}{Introduction\040to\040Partial\040Differential\040Equations}{part.11}% 296
\BOOKMARK [1][-]{section.41.1}{Examples}{chapter.41}% 297
\BOOKMARK [1][-]{section.41.2}{Balance\040equations\040in\040physics}{chapter.41}% 298
\BOOKMARK [0][-]{chapter.42}{Elliptic\040equations}{part.11}% 299
\BOOKMARK [1][-]{section.42.1}{Poisson\040equation}{chapter.42}% 300
\BOOKMARK [2][-]{subsection.42.1.1}{Weak\040formulation}{section.42.1}% 301
\BOOKMARK [2][-]{subsection.42.1.2}{Existence\040and\040uniqueness}{section.42.1}% 302
\BOOKMARK [0][-]{chapter.43}{Parabolic\040equations}{part.11}% 303
\BOOKMARK [1][-]{section.43.1}{Heat\040equation}{chapter.43}% 304
\BOOKMARK [2][-]{subsection.43.1.1}{Weak\040formulation}{section.43.1}% 305
\BOOKMARK [0][-]{chapter.44}{Hyperbolic\040equations}{part.11}% 306
\BOOKMARK [1][-]{section.44.1}{Hyperbolic\040problems\040and\040conservation\040laws}{chapter.44}% 307
\BOOKMARK [2][-]{subsection.44.1.1}{Integral\040equations}{section.44.1}% 308
\BOOKMARK [2][-]{subsection.44.1.2}{Jump\040relations}{section.44.1}% 309
\BOOKMARK [2][-]{subsection.44.1.3}{Differential\040equations}{section.44.1}% 310
\BOOKMARK [1][-]{section.44.2}{Hyperbolic\040problems\040-\040dimensions}{chapter.44}% 311
\BOOKMARK [2][-]{subsection.44.2.1}{Scalar\040linear}{section.44.2}% 312
\BOOKMARK [3][-]{subsubsection*.69}{1-dimensional}{subsection.44.2.1}% 313
\BOOKMARK [2][-]{subsection.44.2.2}{Scalar\040non-linear}{section.44.2}% 314
\BOOKMARK [2][-]{subsection.44.2.3}{System\040linear}{section.44.2}% 315
\BOOKMARK [3][-]{subsubsection*.70}{1-dimensional}{subsection.44.2.3}% 316
\BOOKMARK [4][-]{paragraph*.71}{Method\040of\040characteristics}{subsubsection*.70}% 317
\BOOKMARK [4][-]{paragraph*.72}{Domain\040of\040influence\040and\040domain\040of\040dependence}{subsubsection*.70}% 318
\BOOKMARK [4][-]{paragraph*.73}{Riemann\040problem}{subsubsection*.70}% 319
\BOOKMARK [2][-]{subsection.44.2.4}{System\040non-linear}{section.44.2}% 320
\BOOKMARK [3][-]{subsubsection*.74}{1-dimensional\040space}{subsection.44.2.4}% 321
\BOOKMARK [2][-]{subsection.44.2.5}{n-dimensional\040space}{section.44.2}% 322
\BOOKMARK [1][-]{section.44.3}{Scalar\040linear\040equation}{chapter.44}% 323
\BOOKMARK [1][-]{section.44.4}{Linear\040vector\040equation}{chapter.44}% 324
\BOOKMARK [1][-]{section.44.5}{Scalar\040non-linear\040equation}{chapter.44}% 325
\BOOKMARK [2][-]{subsection.44.5.1}{Examples}{section.44.5}% 326
\BOOKMARK [3][-]{subsubsection*.75}{Burgers’s equation}{subsection.44.5.1}% 327
\BOOKMARK [4][-]{paragraph*.76}{Differential\040equation\040and\040integral\040balance}{subsubsection*.75}% 328
\BOOKMARK [4][-]{paragraph*.78}{Jump\040condition}{subsubsection*.75}% 329
\BOOKMARK [4][-]{paragraph*.79}{Characteristics}{subsubsection*.75}% 330
\BOOKMARK [4][-]{paragraph*.81}{Riemann\040problem}{subsubsection*.75}% 331
\BOOKMARK [4][-]{paragraph*.83}{Boundary\040conditions}{subsubsection*.75}% 332
\BOOKMARK [1][-]{section.44.6}{Method\040of\040characteristics}{chapter.44}% 333
\BOOKMARK [2][-]{subsection.44.6.1}{Scalar\040multi-dimensional\040problem}{section.44.6}% 334
\BOOKMARK [2][-]{subsection.44.6.2}{Vector\040multi-dimensional\040problem}{section.44.6}% 335
\BOOKMARK [3][-]{subsubsection*.84}{Taylor\040expansion\040of\040a\040solution}{subsection.44.6.2}% 336
\BOOKMARK [3][-]{subsubsection*.85}{Examples}{subsection.44.6.2}% 337
\BOOKMARK [4][-]{paragraph*.86}{Isothermal\040compressible\040flow\040-\0402d}{subsubsection*.85}% 338
\BOOKMARK [4][-]{paragraph*.87}{Euler\040equations\040for\040homoentropic\040inviscid\040compressible\040flows\040-\0402d}{subsubsection*.85}% 339
\BOOKMARK [4][-]{paragraph*.88}{Euler\040equations\040for\040inviscid\040compressible\040flows\040-\0402d}{subsubsection*.85}% 340
\BOOKMARK [4][-]{paragraph*.89}{Shallow\040water\040-\0402d}{subsubsection*.85}% 341
\BOOKMARK [1][-]{section.44.7}{Hyperbolic\040problems\040in\040multi-dimensional\040domains}{chapter.44}% 342
\BOOKMARK [2][-]{subsection.44.7.1}{General\040hyperbolic\040problem}{section.44.7}% 343
\BOOKMARK [3][-]{subsubsection*.90}{Integral\040equations}{subsection.44.7.1}% 344
\BOOKMARK [4][-]{paragraph*.91}{Jump\040conditions}{subsubsection*.90}% 345
\BOOKMARK [3][-]{subsubsection*.92}{Differential\040equations}{subsection.44.7.1}% 346
\BOOKMARK [3][-]{subsubsection*.93}{Conservative\040form}{subsection.44.7.1}% 347
\BOOKMARK [3][-]{subsubsection*.94}{Method\040of\040characteristics}{subsection.44.7.1}% 348
\BOOKMARK [4][-]{paragraph*.95}{Spectral\040decomposition}{subsubsection*.94}% 349
\BOOKMARK [4][-]{paragraph*.96}{Change\040of\040variables}{subsubsection*.94}% 350
\BOOKMARK [3][-]{subsubsection*.98}{Riemann\040problem}{subsection.44.7.1}% 351
\BOOKMARK [4][-]{paragraph*.99}{Linearization\040-\040Roe\040intermediate\040state}{subsubsection*.98}% 352
\BOOKMARK [3][-]{subsubsection*.100}{Boundary\040conditions}{subsection.44.7.1}% 353
\BOOKMARK [2][-]{subsection.44.7.2}{P-system}{section.44.7}% 354
\BOOKMARK [2][-]{subsection.44.7.3}{Euler\040equations}{section.44.7}% 355
\BOOKMARK [3][-]{subsubsection*.101}{Thermodynamics\040and\040constitutive\040equations}{subsection.44.7.3}% 356
\BOOKMARK [3][-]{subsubsection*.102}{Integral\040equations}{subsection.44.7.3}% 357
\BOOKMARK [4][-]{paragraph*.103}{Jump\040conditions}{subsubsection*.102}% 358
\BOOKMARK [3][-]{subsubsection*.104}{Differential\040equations}{subsection.44.7.3}% 359
\BOOKMARK [4][-]{paragraph*.105}{Conservative\040form}{subsubsection*.104}% 360
\BOOKMARK [4][-]{paragraph*.106}{Convective\040forms}{subsubsection*.104}% 361
\BOOKMARK [4][-]{paragraph*.107}{Spectral\040decomposition}{subsubsection*.104}% 362
\BOOKMARK [3][-]{subsubsection*.108}{Riemann\040problem}{subsection.44.7.3}% 363
\BOOKMARK [4][-]{paragraph*.109}{Linearization\040-\040Roe\040intermediate\040state}{subsubsection*.108}% 364
\BOOKMARK [3][-]{subsubsection*.110}{Boundary\040conditions}{subsection.44.7.3}% 365
\BOOKMARK [2][-]{subsection.44.7.4}{Shallow\040water}{section.44.7}% 366
\BOOKMARK [3][-]{subsubsection*.111}{Integral\040equations}{subsection.44.7.4}% 367
\BOOKMARK [4][-]{paragraph*.112}{Jump\040conditions}{subsubsection*.111}% 368
\BOOKMARK [3][-]{subsubsection*.113}{Differential\040equations}{subsection.44.7.4}% 369
\BOOKMARK [4][-]{paragraph*.114}{Spectral\040decomposition}{subsubsection*.113}% 370
\BOOKMARK [3][-]{subsubsection*.115}{Riemann\040problem}{subsection.44.7.4}% 371
\BOOKMARK [4][-]{paragraph*.116}{Linearization\040-\040Roe\040intermediate\040state}{subsubsection*.115}% 372
\BOOKMARK [3][-]{subsubsection*.117}{Boundary\040conditions}{subsection.44.7.4}% 373
\BOOKMARK [1][-]{section.44.8}{Riemann\040problems}{chapter.44}% 374
\BOOKMARK [1][-]{section.44.9}{Physical\040solution\040in\040hyperbolic\040problems}{chapter.44}% 375
\BOOKMARK [2][-]{subsection.44.9.1}{Scalar\040non-linear\040equation\040in\0401-dimensional\040domain}{section.44.9}% 376
\BOOKMARK [3][-]{subsubsection*.118}{Burgers’ equation}{subsection.44.9.1}% 377
\BOOKMARK [2][-]{subsection.44.9.2}{Non-linear\040system\040of\040equations\040in\0401-dimensional\040domain}{section.44.9}% 378
\BOOKMARK [3][-]{subsubsection*.119}{P-system}{subsection.44.9.2}% 379
\BOOKMARK [3][-]{subsubsection*.120}{Shallow\040water}{subsection.44.9.2}% 380
\BOOKMARK [3][-]{subsubsection*.121}{Euler\040equations}{subsection.44.9.2}% 381
\BOOKMARK [1][-]{section.44.10}{Convexity\040in\040hyperbolic\040problems}{chapter.44}% 382
\BOOKMARK [2][-]{subsection.44.10.1}{Examples}{section.44.10}% 383
\BOOKMARK [1][-]{section.44.11}{Non-convex\040hyperbolic\040problems}{chapter.44}% 384
\BOOKMARK [2][-]{subsection.44.11.1}{Toy\040problem}{section.44.11}% 385
\BOOKMARK [3][-]{subsubsection*.122}{Numerical\040simulation}{subsection.44.11.1}% 386
\BOOKMARK [4][-]{paragraph*.123}{Simulation\040with\040\(uL,\040uR\)\040=\040\(-1,1\)}{subsubsection*.122}% 387
\BOOKMARK [4][-]{paragraph*.124}{Simulation\040with\040\(uL,\040uR\)\040=\040\(1,-1\)}{subsubsection*.122}% 388
\BOOKMARK [3][-]{subsubsection*.125}{Olenik’s criterion}{subsection.44.11.1}% 389
\BOOKMARK [4][-]{paragraph*.126}{\(uL,\040uR\)\040=\040\(-1,\0401\)}{subsubsection*.125}% 390
\BOOKMARK [4][-]{paragraph*.127}{Characteristic\040lines\040in\040the\040x-t\040plane}{subsubsection*.125}% 391
\BOOKMARK [4][-]{paragraph*.128}{\(uL,\040uR\)\040=\040\(1,\040-1\)}{subsubsection*.125}% 392
\BOOKMARK [3][-]{subsubsection*.129}{Non-physical\040solutions\040for\040\(uL,\040uR\)\040=\040\(-1,\0401\)}{subsection.44.11.1}% 393
\BOOKMARK [0][-]{chapter.45}{Navier-Cauchy\040equations}{part.11}% 394
\BOOKMARK [1][-]{section.45.1}{Weak\040formulation}{chapter.45}% 395
\BOOKMARK [0][-]{chapter.46}{Navier-Stokes\040equations}{part.11}% 396
\BOOKMARK [1][-]{section.46.1}{Incompressibility\040constraint}{chapter.46}% 397
\BOOKMARK [2][-]{subsection.46.1.1}{Wave-vector\040transformed\040space}{section.46.1}% 398
\BOOKMARK [1][-]{section.46.2}{Weak\040formulation\040of\040the\040problem}{chapter.46}% 399
\BOOKMARK [2][-]{subsection.46.2.1}{Weak\040formulation\040and\040incompressibility\040constraint}{section.46.2}% 400
\BOOKMARK [1][-]{section.46.3}{Non-linear\040term}{chapter.46}% 401
\BOOKMARK [0][-]{chapter.47}{Arbitrary\040Lagrangian-Eulerian\040description}{part.11}% 402
\BOOKMARK [1][-]{section.47.1}{Integral\040problem}{chapter.47}% 403
\BOOKMARK [1][-]{section.47.2}{Differential\040problem}{chapter.47}% 404
\BOOKMARK [-1][-]{part.12}{XII\040Numerical\040Methods\040for\040PDEs}{}% 405
\BOOKMARK [0][-]{chapter.48}{Introduction\040to\040numerical\040methods\040for\040PDEs}{part.12}% 406
\BOOKMARK [0][-]{chapter.49}{Finite\040Element\040Method}{part.12}% 407
\BOOKMARK [1][-]{section.49.1}{1-dimensional\040Poisson\040equation}{chapter.49}% 408
\BOOKMARK [2][-]{subsection.49.1.1}{Strong\040form\040of\040the\040problem}{section.49.1}% 409
\BOOKMARK [2][-]{subsection.49.1.2}{Weak\040form\040of\040the\040problem}{section.49.1}% 410
\BOOKMARK [3][-]{subsubsection*.131}{Poisson\040equation\040with\040Dirichlet\040boundary\040conditions}{subsection.49.1.2}% 411
\BOOKMARK [4][-]{paragraph*.132}{Finite\040element\040method}{subsubsection*.131}% 412
\BOOKMARK [4][-]{paragraph*.134}{Slicing\040the\040linear\040system}{subsubsection*.131}% 413
\BOOKMARK [4][-]{paragraph*.135}{Augmenting\040the\040linear\040system}{subsubsection*.131}% 414
\BOOKMARK [0][-]{chapter.50}{Finite\040Volume\040Method}{part.12}% 415
\BOOKMARK [1][-]{section.50.1}{1-dimensional\040Poisson\040equation}{chapter.50}% 416
\BOOKMARK [2][-]{subsection.50.1.1}{Integral\040form\040of\040the\040problem}{section.50.1}% 417
\BOOKMARK [2][-]{subsection.50.1.2}{Domain,\040volume\040forcing\040and\040boundary\040conditions}{section.50.1}% 418
\BOOKMARK [2][-]{subsection.50.1.3}{Discrete\040matheamtical\040problem}{section.50.1}% 419
\BOOKMARK [2][-]{subsection.50.1.4}{Applying\040essential\040boundary\040conditions}{section.50.1}% 420
\BOOKMARK [3][-]{subsubsection*.136}{Slicing\040the\040linear\040system}{subsection.50.1.4}% 421
\BOOKMARK [3][-]{subsubsection*.137}{Augmenting\040the\040linear\040system}{subsection.50.1.4}% 422
\BOOKMARK [1][-]{section.50.2}{FVM\040for\040hyperbolic\040problems}{chapter.50}% 423
\BOOKMARK [2][-]{subsection.50.2.1}{Numerical\040fluxes}{section.50.2}% 424
\BOOKMARK [3][-]{subsubsection*.138}{Godunov\040flux}{subsection.50.2.1}% 425
\BOOKMARK [3][-]{subsubsection*.139}{Roe\040flux}{subsection.50.2.1}% 426
\BOOKMARK [3][-]{subsubsection*.140}{Entropy\040fix}{subsection.50.2.1}% 427
\BOOKMARK [1][-]{section.50.3}{Boundary\040conditions\040in\040hyperbolic\040problems}{chapter.50}% 428
\BOOKMARK [2][-]{subsection.50.3.1}{Wall}{section.50.3}% 429
\BOOKMARK [3][-]{subsubsection*.141}{Domain\040at\040rest}{subsection.50.3.1}% 430
\BOOKMARK [3][-]{subsubsection*.142}{Moving\040domain}{subsection.50.3.1}% 431
\BOOKMARK [2][-]{subsection.50.3.2}{Characteristic-based\040boundary\040conditions}{section.50.3}% 432
\BOOKMARK [1][-]{section.50.4}{Examples\040of\040FVM\040for\040hyperbolic\040problems}{chapter.50}% 433
\BOOKMARK [2][-]{subsection.50.4.1}{1-dimensional\040P-system}{section.50.4}% 434
\BOOKMARK [3][-]{subsubsection*.143}{Useful\040classes\040for\040numerical\040methods}{subsection.50.4.1}% 435
\BOOKMARK [4][-]{paragraph*.144}{Basic\040libraries}{subsubsection*.143}% 436
\BOOKMARK [4][-]{paragraph*.145}{Parent\040class}{subsubsection*.143}% 437
\BOOKMARK [4][-]{paragraph*.146}{P-system\040class}{subsubsection*.143}% 438
\BOOKMARK [3][-]{subsubsection*.147}{Numerical\040simulation}{subsection.50.4.1}% 439
\BOOKMARK [4][-]{paragraph*.148}{System\040of\040equations}{subsubsection*.147}% 440
\BOOKMARK [4][-]{paragraph*.149}{Domain}{subsubsection*.147}% 441
\BOOKMARK [4][-]{paragraph*.150}{Boundary\040conditions}{subsubsection*.147}% 442
\BOOKMARK [4][-]{paragraph*.151}{Simulation\040parameters}{subsubsection*.147}% 443
\BOOKMARK [4][-]{paragraph*.152}{Time\040loop}{subsubsection*.147}% 444
\BOOKMARK [4][-]{paragraph*.153}{Post-processing}{subsubsection*.147}% 445
\BOOKMARK [2][-]{subsection.50.4.2}{1-dimensional\040Euler\040equations\040for\040Perfect\040Ideal\040Gas}{section.50.4}% 446
\BOOKMARK [3][-]{subsubsection*.154}{Useful\040classes\040for\040numerical\040methods}{subsection.50.4.2}% 447
\BOOKMARK [4][-]{paragraph*.155}{Basic\040libraries}{subsubsection*.154}% 448
\BOOKMARK [4][-]{paragraph*.156}{Parent\040class}{subsubsection*.154}% 449
\BOOKMARK [4][-]{paragraph*.157}{Euler\040equations\040for\040perfect\040ideal\040gas\040class}{subsubsection*.154}% 450
\BOOKMARK [3][-]{subsubsection*.158}{Numerical\040simulation}{subsection.50.4.2}% 451
\BOOKMARK [4][-]{paragraph*.159}{System\040of\040equations}{subsubsection*.158}% 452
\BOOKMARK [4][-]{paragraph*.160}{Domain}{subsubsection*.158}% 453
\BOOKMARK [4][-]{paragraph*.161}{Boundary\040conditions}{subsubsection*.158}% 454
\BOOKMARK [4][-]{paragraph*.162}{Initial\040conditions}{subsubsection*.158}% 455
\BOOKMARK [4][-]{paragraph*.163}{Simulation\040parameters}{subsubsection*.158}% 456
\BOOKMARK [4][-]{paragraph*.164}{Time\040loop}{subsubsection*.158}% 457
\BOOKMARK [4][-]{paragraph*.165}{Post-processing}{subsubsection*.158}% 458
\BOOKMARK [2][-]{subsection.50.4.3}{Quasi\0401-dimensional\040Euler\040equations\040for\040Perfect\040Ideal\040Gas}{section.50.4}% 459
\BOOKMARK [3][-]{subsubsection*.166}{Useful\040classes\040for\040numerical\040methods}{subsection.50.4.3}% 460
\BOOKMARK [4][-]{paragraph*.167}{Basic\040libraries}{subsubsection*.166}% 461
\BOOKMARK [4][-]{paragraph*.168}{Parent\040class}{subsubsection*.166}% 462
\BOOKMARK [4][-]{paragraph*.169}{Euler\040equations\040for\040perfect\040ideal\040gas\040class}{subsubsection*.166}% 463
\BOOKMARK [3][-]{subsubsection*.170}{Numerical\040simulation}{subsection.50.4.3}% 464
\BOOKMARK [4][-]{paragraph*.171}{System\040of\040equations}{subsubsection*.170}% 465
\BOOKMARK [4][-]{paragraph*.172}{Domain}{subsubsection*.170}% 466
\BOOKMARK [4][-]{paragraph*.173}{Boundary\040conditions}{subsubsection*.170}% 467
\BOOKMARK [4][-]{paragraph*.174}{Initial\040conditions}{subsubsection*.170}% 468
\BOOKMARK [4][-]{paragraph*.175}{Simulation\040parameters}{subsubsection*.170}% 469
\BOOKMARK [4][-]{paragraph*.176}{Time\040loop}{subsubsection*.170}% 470
\BOOKMARK [4][-]{paragraph*.177}{Post-processing}{subsubsection*.170}% 471
\BOOKMARK [2][-]{subsection.50.4.4}{1-dimensional\040Euler\040equations\040for\040Perfect\040Ideal\040Gas\040on\040moving\040mesh\040\(ALE\)}{section.50.4}% 472
\BOOKMARK [3][-]{subsubsection*.178}{Useful\040classes\040for\040numerical\040methods}{subsection.50.4.4}% 473
\BOOKMARK [4][-]{paragraph*.179}{Basic\040libraries}{subsubsection*.178}% 474
\BOOKMARK [4][-]{paragraph*.180}{Parent\040class}{subsubsection*.178}% 475
\BOOKMARK [4][-]{paragraph*.181}{Euler\040equations\040for\040perfect\040ideal\040gas\040class}{subsubsection*.178}% 476
\BOOKMARK [4][-]{paragraph*.182}{Time\040dependent\040mesh}{subsubsection*.178}% 477
\BOOKMARK [3][-]{subsubsection*.183}{Numerical\040simulation}{subsection.50.4.4}% 478
\BOOKMARK [4][-]{paragraph*.184}{System\040of\040equations}{subsubsection*.183}% 479
\BOOKMARK [4][-]{paragraph*.185}{Domain}{subsubsection*.183}% 480
\BOOKMARK [5][-]{subparagraph*.186}{VV\040of\040the\040moving\040mesh}{paragraph*.185}% 481
\BOOKMARK [4][-]{paragraph*.187}{Boundary\040conditions}{subsubsection*.183}% 482
\BOOKMARK [4][-]{paragraph*.188}{Initial\040conditions}{subsubsection*.183}% 483
\BOOKMARK [4][-]{paragraph*.189}{Simulation\040parameters}{subsubsection*.183}% 484
\BOOKMARK [4][-]{paragraph*.190}{Time\040loop}{subsubsection*.183}% 485
\BOOKMARK [4][-]{paragraph*.191}{Post-processing}{subsubsection*.183}% 486
\BOOKMARK [0][-]{chapter.51}{Boundary\040Element\040Method}{part.12}% 487
\BOOKMARK [-1][-]{part.13}{XIII\040Boundary\040Methods\040for\040PDEs}{}% 488
\BOOKMARK [0][-]{chapter.52}{Green’s function method}{part.13}% 489
\BOOKMARK [1][-]{section.52.1}{Poisson\040equation}{chapter.52}% 490
\BOOKMARK [1][-]{section.52.2}{Helmholtz\040equation}{chapter.52}% 491
\BOOKMARK [1][-]{section.52.3}{Wave\040equation}{chapter.52}% 492
\BOOKMARK [-1][-]{part.14}{XIV\040Optimization}{}% 493
\BOOKMARK [0][-]{chapter.53}{Optimization}{part.14}% 494
\BOOKMARK [1][-]{section.53.1}{Unconstrained\040optimization}{chapter.53}% 495
\BOOKMARK [1][-]{section.53.2}{Constrained\040optimization}{chapter.53}% 496
\BOOKMARK [2][-]{subsection.53.2.1}{Method\040of\040Lagrange\040multipliers\040for\040equality\040constraints}{section.53.2}% 497
\BOOKMARK [-1][-]{part.15}{XV\040Reinforcement\040Learning}{}% 498
\BOOKMARK [0][-]{chapter.54}{Introduction\040to\040Reinforcement\040Learning}{part.15}% 499
\BOOKMARK [0][-]{chapter.55}{Markov\040Processes}{part.15}% 500
\BOOKMARK [1][-]{section.55.1}{Markov\040Reward\040Processes}{chapter.55}% 501
\BOOKMARK [2][-]{subsection.55.1.1}{Bellman\040Equation\040for\040V\(s\)}{section.55.1}% 502
\BOOKMARK [1][-]{section.55.2}{Markov\040Decision\040Processes}{chapter.55}% 503
\BOOKMARK [2][-]{subsection.55.2.1}{Policies}{section.55.2}% 504
\BOOKMARK [2][-]{subsection.55.2.2}{Bellman\040Equations}{section.55.2}% 505
\BOOKMARK [0][-]{chapter.56}{Methods\040of\040solution\040of\040MPD:\040DP\040and\040LP}{part.15}% 506
\BOOKMARK [1][-]{section.56.1}{Brute\040force:\040policy\040search}{chapter.56}% 507
\BOOKMARK [1][-]{section.56.2}{Dynamic\040programming}{chapter.56}% 508
\BOOKMARK [2][-]{subsection.56.2.1}{Policy\040iteration}{section.56.2}% 509
\BOOKMARK [3][-]{subsubsection*.193}{Policy\040Evaluation}{subsection.56.2.1}% 510
\BOOKMARK [3][-]{subsubsection*.194}{Policy\040Improvement}{subsection.56.2.1}% 511
\BOOKMARK [3][-]{subsubsection*.195}{Policy\040Iteration\040algorithm}{subsection.56.2.1}% 512
\BOOKMARK [2][-]{subsection.56.2.2}{Value\040Iteration}{section.56.2}% 513
\BOOKMARK [2][-]{subsection.56.2.3}{Dynamic\040programming:\040extensions}{section.56.2}% 514
\BOOKMARK [1][-]{section.56.3}{Linear\040programming}{chapter.56}% 515
\BOOKMARK [0][-]{chapter.57}{Methods\040of\040solution\040of\040MPD:\040RL}{part.15}% 516
\BOOKMARK [1][-]{section.57.1}{Evaluation}{chapter.57}% 517
\BOOKMARK [2][-]{subsection.57.1.1}{Monte-Carlo\040RL}{section.57.1}% 518
\BOOKMARK [2][-]{subsection.57.1.2}{Temporal\040Difference\040\(TD\)\040Learning}{section.57.1}% 519
\BOOKMARK [2][-]{subsection.57.1.3}{TD\040prediction}{section.57.1}% 520
\BOOKMARK [1][-]{section.57.2}{Model\040control}{chapter.57}% 521
\BOOKMARK [2][-]{subsection.57.2.1}{On-\040and\040Off-Policy\040Learning}{section.57.2}% 522
\BOOKMARK [2][-]{subsection.57.2.2}{MC\040control}{section.57.2}% 523
\BOOKMARK [2][-]{subsection.57.2.3}{ε-greedy policy improvement }{section.57.2}% 524
\BOOKMARK [2][-]{subsection.57.2.4}{TD\040control}{section.57.2}% 525
\BOOKMARK [2][-]{subsection.57.2.5}{Off-policy\040learning}{section.57.2}% 526
\BOOKMARK [1][-]{section.57.3}{Actor-Critic}{chapter.57}% 527
\BOOKMARK [1][-]{section.57.4}{Learning\040and\040planning}{chapter.57}% 528
\BOOKMARK [0][-]{chapter.58}{Large\040or\040Continuous\040MDPs}{part.15}% 529
\BOOKMARK [1][-]{section.58.1}{Value\040and\040Policy-Based\040RL}{chapter.58}% 530
\BOOKMARK [0][-]{section*.196}{Proof\040Index}{part.15}% 531
