Traceback (most recent call last):
  File "/home/davide/.local/lib/python3.8/site-packages/jupyter_cache/executors/utils.py", line 58, in single_nb_execution
    executenb(
  File "/home/davide/.local/lib/python3.8/site-packages/nbclient/client.py", line 1305, in execute
    return NotebookClient(nb=nb, resources=resources, km=km, **kwargs).execute()
  File "/home/davide/.local/lib/python3.8/site-packages/jupyter_core/utils/__init__.py", line 165, in wrapped
    return loop.run_until_complete(inner)
  File "/usr/lib/python3.8/asyncio/base_events.py", line 616, in run_until_complete
    return future.result()
  File "/home/davide/.local/lib/python3.8/site-packages/nbclient/client.py", line 705, in async_execute
    await self.async_execute_cell(
  File "/home/davide/.local/lib/python3.8/site-packages/nbclient/client.py", line 1058, in async_execute_cell
    await self._check_raise_for_error(cell, cell_index, exec_reply)
  File "/home/davide/.local/lib/python3.8/site-packages/nbclient/client.py", line 914, in _check_raise_for_error
    raise CellExecutionError.from_cell_and_msg(cell, exec_reply_content)
nbclient.exceptions.CellExecutionError: An error occurred while executing the following cell:
------------------
fig, ax = plt.subplots(5,1, figsize=(5,20))

iax = 0
m0 = ax[iax].pcolormesh(Xc, T, uuc[:,0,:])
# ax[iax].imshow(uuc[:,0,:], aspect="auto")
# ax[0].set_colorbar()
ax[iax].set_xlabel('x')
ax[iax].set_ylabel('t')
ax[iax].set_title('Density')
fig.colorbar(m0, ax=ax[iax])

iax = 1
m0 = ax[iax].pcolormesh(Xc, T, uuc[:,1,:])
# ax[0].set_colorbar()
ax[iax].set_xlabel('x')
ax[iax].set_ylabel('t')
ax[iax].set_title('Momentum')
fig.colorbar(m0, ax=ax[iax])

iax = 2
m0 = ax[iax].pcolormesh(Xc, T, uuc[:,2,:])
# ax[0].set_colorbar()
ax[2].set_xlabel('x')
ax[iax].set_ylabel('t')
ax[iax].set_title('Total Energy')
fig.colorbar(m0, ax=ax[iax])

iax = 3
m0 = ax[iax].pcolormesh(Xc, T, uuc[:,1,:]/uuc[:,0,:])
# ax[0].set_colorbar()
ax[iax].set_xlabel('x')
ax[iax].set_ylabel('t')
ax[iax].set_title('Velocity')
fig.colorbar(m0, ax=ax[iax])

# pressure
# p = (gamma-1) * ( Et - .5 * m^2 / rho )
iax = 4
m0 = ax[iax].pcolormesh(Xc, T, S.gamma_1 * (uuc[:,2,:]-.5*uuc[:,1,:]**2/uuc[:,0,:]))
# ax[0].set_colorbar()
ax[iax].set_xlabel('x')
ax[iax].set_ylabel('t')
ax[iax].set_title('Pressure')
fig.colorbar(m0, ax=ax[iax])

plt.tight_layout()

------------------


[0;31m---------------------------------------------------------------------------[0m
[0;31mNameError[0m                                 Traceback (most recent call last)
Cell [0;32mIn[12], line 4[0m
[1;32m      1[0m fig, ax [38;5;241m=[39m plt[38;5;241m.[39msubplots([38;5;241m5[39m,[38;5;241m1[39m, figsize[38;5;241m=[39m([38;5;241m5[39m,[38;5;241m20[39m))
[1;32m      3[0m iax [38;5;241m=[39m [38;5;241m0[39m
[0;32m----> 4[0m m0 [38;5;241m=[39m ax[iax][38;5;241m.[39mpcolormesh([43mXc[49m, T, uuc[:,[38;5;241m0[39m,:])
[1;32m      5[0m [38;5;66;03m# ax[iax].imshow(uuc[:,0,:], aspect="auto")[39;00m
[1;32m      6[0m [38;5;66;03m# ax[0].set_colorbar()[39;00m
[1;32m      7[0m ax[iax][38;5;241m.[39mset_xlabel([38;5;124m'[39m[38;5;124mx[39m[38;5;124m'[39m)

[0;31mNameError[0m: name 'Xc' is not defined

