Traceback (most recent call last):
  File "/home/davide/.local/lib/python3.8/site-packages/jupyter_cache/executors/utils.py", line 58, in single_nb_execution
    executenb(
  File "/home/davide/.local/lib/python3.8/site-packages/nbclient/client.py", line 1305, in execute
    return NotebookClient(nb=nb, resources=resources, km=km, **kwargs).execute()
  File "/home/davide/.local/lib/python3.8/site-packages/jupyter_core/utils/__init__.py", line 165, in wrapped
    return loop.run_until_complete(inner)
  File "/usr/lib/python3.8/asyncio/base_events.py", line 616, in run_until_complete
    return future.result()
  File "/home/davide/.local/lib/python3.8/site-packages/nbclient/client.py", line 705, in async_execute
    await self.async_execute_cell(
  File "/home/davide/.local/lib/python3.8/site-packages/nbclient/client.py", line 1058, in async_execute_cell
    await self._check_raise_for_error(cell, cell_index, exec_reply)
  File "/home/davide/.local/lib/python3.8/site-packages/nbclient/client.py", line 914, in _check_raise_for_error
    raise CellExecutionError.from_cell_and_msg(cell, exec_reply_content)
nbclient.exceptions.CellExecutionError: An error occurred while executing the following cell:
------------------
#> x-t diagram
fig, ax = plt.subplots(1,1, figsize=(5,5))
X, T = np.meshgrid(xv, tv)
ax.contourf(X, T, U, 100)
ax.set_xlabel(r'$x$')
ax.set_ylabel(r'$t$')
plt.show()

------------------


[0;31m---------------------------------------------------------------------------[0m
[0;31mNameError[0m                                 Traceback (most recent call last)
Cell [0;32mIn[2], line 3[0m
[1;32m      1[0m [38;5;66;03m#> x-t diagram[39;00m
[1;32m      2[0m fig, ax [38;5;241m=[39m plt[38;5;241m.[39msubplots([38;5;241m1[39m,[38;5;241m1[39m, figsize[38;5;241m=[39m([38;5;241m5[39m,[38;5;241m5[39m))
[0;32m----> 3[0m X, T [38;5;241m=[39m np[38;5;241m.[39mmeshgrid(xv, [43mtv[49m)
[1;32m      4[0m ax[38;5;241m.[39mcontourf(X, T, U, [38;5;241m100[39m)
[1;32m      5[0m ax[38;5;241m.[39mset_xlabel([38;5;124mr[39m[38;5;124m'[39m[38;5;124m$x$[39m[38;5;124m'[39m)

[0;31mNameError[0m: name 'tv' is not defined

