Traceback (most recent call last):
  File "/home/davide/.local/lib/python3.8/site-packages/jupyter_cache/executors/utils.py", line 58, in single_nb_execution
    executenb(
  File "/home/davide/.local/lib/python3.8/site-packages/nbclient/client.py", line 1305, in execute
    return NotebookClient(nb=nb, resources=resources, km=km, **kwargs).execute()
  File "/home/davide/.local/lib/python3.8/site-packages/jupyter_core/utils/__init__.py", line 165, in wrapped
    return loop.run_until_complete(inner)
  File "/usr/lib/python3.8/asyncio/base_events.py", line 616, in run_until_complete
    return future.result()
  File "/home/davide/.local/lib/python3.8/site-packages/nbclient/client.py", line 705, in async_execute
    await self.async_execute_cell(
  File "/home/davide/.local/lib/python3.8/site-packages/nbclient/client.py", line 1058, in async_execute_cell
    await self._check_raise_for_error(cell, cell_index, exec_reply)
  File "/home/davide/.local/lib/python3.8/site-packages/nbclient/client.py", line 914, in _check_raise_for_error
    raise CellExecutionError.from_cell_and_msg(cell, exec_reply_content)
nbclient.exceptions.CellExecutionError: An error occurred while executing the following cell:
------------------
#> Parameters
x0, x1 = 0., 1.                          # coords of left and right boundaries
ne = 200                                 # n. of elements

#> Domain
xs = np.linspace(x0, x1, ne+1)           # coord of the cell boundaries
xc = .5 * ( xs[:-1] + xs[1:] )           # coord of the cell centers
dx = xs[1:] - xs[:-1]                    # volume of the cells

#> Initial condition of a Riemann problem
# ES, SS, SE, EE
rhoL, rhoR = 1., 1.
uL, uR = -.5, .5
------------------


[0;31m---------------------------------------------------------------------------[0m
[0;31mNameError[0m                                 Traceback (most recent call last)
Cell [0;32mIn[4], line 6[0m
[1;32m      3[0m ne [38;5;241m=[39m [38;5;241m200[39m                                 [38;5;66;03m# n. of elements[39;00m
[1;32m      5[0m [38;5;66;03m#> Domain[39;00m
[0;32m----> 6[0m xs [38;5;241m=[39m [43mnp[49m[38;5;241m.[39mlinspace(x0, x1, ne[38;5;241m+[39m[38;5;241m1[39m)           [38;5;66;03m# coord of the cell boundaries[39;00m
[1;32m      7[0m xc [38;5;241m=[39m [38;5;241m.5[39m [38;5;241m*[39m ( xs[:[38;5;241m-[39m[38;5;241m1[39m] [38;5;241m+[39m xs[[38;5;241m1[39m:] )           [38;5;66;03m# coord of the cell centers[39;00m
[1;32m      8[0m dx [38;5;241m=[39m xs[[38;5;241m1[39m:] [38;5;241m-[39m xs[:[38;5;241m-[39m[38;5;241m1[39m]                    [38;5;66;03m# volume of the cells[39;00m

[0;31mNameError[0m: name 'np' is not defined

